/gscratch/users/asalaberria009/env/p39-cu115/lib/python3.9/site-packages/torch/functional.py:568: UserWarning: torch.meshgrid: in an upcoming release, it will be required to pass the indexing argument. (Triggered internally at  ../aten/src/ATen/native/TensorShape.cpp:2228.)
  return _VF.meshgrid(tensors, **kwargs)  # type: ignore[attr-defined]
/gaueko0/users/ietxarri010/GrAL_Irene/mm_okvqa_finetuning.py:321: DeprecationWarning: BICUBIC is deprecated and will be removed in Pillow 10 (2023-07-01). Use Resampling.BICUBIC instead.
  transforms.Resize((resolution, resolution), interpolation=Image.BICUBIC),
/gscratch/users/asalaberria009/env/p39-cu115/lib/python3.9/site-packages/torchvision/transforms/transforms.py:332: UserWarning: Argument interpolation should be of type InterpolationMode instead of int. Please, use InterpolationMode enum.
  warnings.warn(
GPU available: True (cuda), used: True
TPU available: False, using: 0 TPU cores
IPU available: False, using: 0 IPUs
HPU available: False, using: 0 HPUs
/gscratch/users/asalaberria009/env/p39-cu115/lib/python3.9/site-packages/pytorch_lightning/callbacks/model_checkpoint.py:612: UserWarning: Checkpoint directory /gaueko0/users/ietxarri010/ofa_okvqa_finetuning/ exists and is not empty.
  rank_zero_warn(f"Checkpoint directory {dirpath} exists and is not empty.")
LOCAL_RANK: 0 - CUDA_VISIBLE_DEVICES: [4]

  | Name  | Type             | Params
-------------------------------------------
0 | model | OFAModel         | 182 M 
1 | loss  | CrossEntropyLoss | 0     
-------------------------------------------
182 M     Trainable params
0         Non-trainable params
182 M     Total params
728.954   Total estimated model params size (MB)
SLURM auto-requeueing enabled. Setting signal handlers.
Asking to truncate to max_length but no maximum length is provided and the model has no predefined maximum length. Default to no truncation.
Traceback (most recent call last):
  File "/gaueko0/users/ietxarri010/GrAL_Irene/mm_okvqa_finetuning.py", line 567, in <module>
    main()
  File "/gaueko0/users/ietxarri010/GrAL_Irene/mm_okvqa_finetuning.py", line 550, in main
    trainer.fit(model, datamodule)
  File "/gscratch/users/asalaberria009/env/p39-cu115/lib/python3.9/site-packages/pytorch_lightning/trainer/trainer.py", line 520, in fit
    call._call_and_handle_interrupt(
  File "/gscratch/users/asalaberria009/env/p39-cu115/lib/python3.9/site-packages/pytorch_lightning/trainer/call.py", line 44, in _call_and_handle_interrupt
    return trainer_fn(*args, **kwargs)
  File "/gscratch/users/asalaberria009/env/p39-cu115/lib/python3.9/site-packages/pytorch_lightning/trainer/trainer.py", line 559, in _fit_impl
    self._run(model, ckpt_path=ckpt_path)
  File "/gscratch/users/asalaberria009/env/p39-cu115/lib/python3.9/site-packages/pytorch_lightning/trainer/trainer.py", line 935, in _run
    results = self._run_stage()
  File "/gscratch/users/asalaberria009/env/p39-cu115/lib/python3.9/site-packages/pytorch_lightning/trainer/trainer.py", line 978, in _run_stage
    self.fit_loop.run()
  File "/gscratch/users/asalaberria009/env/p39-cu115/lib/python3.9/site-packages/pytorch_lightning/loops/fit_loop.py", line 202, in run
    self.on_advance_end()
  File "/gscratch/users/asalaberria009/env/p39-cu115/lib/python3.9/site-packages/pytorch_lightning/loops/fit_loop.py", line 369, in on_advance_end
    call._call_callback_hooks(trainer, "on_train_epoch_end", monitoring_callbacks=True)
  File "/gscratch/users/asalaberria009/env/p39-cu115/lib/python3.9/site-packages/pytorch_lightning/trainer/call.py", line 190, in _call_callback_hooks
    fn(trainer, trainer.lightning_module, *args, **kwargs)
  File "/gscratch/users/asalaberria009/env/p39-cu115/lib/python3.9/site-packages/pytorch_lightning/callbacks/model_checkpoint.py", line 303, in on_train_epoch_end
    self._save_topk_checkpoint(trainer, monitor_candidates)
  File "/gscratch/users/asalaberria009/env/p39-cu115/lib/python3.9/site-packages/pytorch_lightning/callbacks/model_checkpoint.py", line 360, in _save_topk_checkpoint
    self._save_monitor_checkpoint(trainer, mo