usage: mm_okvqa_finetuning.py [-h] --model
                              {unc-nlp/lxmert-base-uncased,unc-nlp/lxmert-vqa-uncased,dandelin/vilt-b32-finetuned-vqa,dandelin/vilt-b32-mlm,OFA-Sys/ofa-tiny,OFA-Sys/ofa-medium,OFA-Sys/ofa-base,OFA-Sys/ofa-large,OFA-Sys/ofa-huge}
                              [--ckpt CKPT] [--gpus GPUS]
                              [--batch_size BATCH_SIZE]
                              [--accumulate_grad_batches ACCUMULATE_GRAD_BATCHES]
                              [--scheduler_off] [--deepspeed]
                              [--val_check_interval VAL_CHECK_INTERVAL]
                              [--lr LR] [--precision {16,32,64}]
                              [--opt_eps OPT_EPS] [--opt_wd OPT_WD]
                              [--warmup_steps WARMUP_STEPS]
                              [--max_steps MAX_STEPS]
                              [--dataset {spatialcoco}] [--root ROOT]
                              [--visual_root VISUAL_ROOT]
                              [--vsr_variant {random,zero-shot}]
                              [--source {coco,vinvl}]
                              [--target_model {bert,t5,lxmert,vilt,ofa}]
                              [--location_encoding {none,token,grid,rect,none}]
                              [--distractors DISTRACTORS] [--attributes]
                              [--spatial_val_file SPATIAL_VAL_FILE] [--tiny]
                              [--num_workers NUM_WORKERS]
                              [--grid_size GRID_SIZE] [--seed SEED] [--train]
                              [--evaluate] [--run_name RUN_NAME]
                              [--output_path OUTPUT_PATH]
mm_okvqa_finetuning.py: error: argument --model: invalid choice: 'OFA-Sys/OFA-base' (choose from 'unc-nlp/lxmert-base-uncased', 'unc-nlp/lxmert-vqa-uncased', 'dandelin/vilt-b32-finetuned-vqa', 'dandelin/vilt-b32-mlm', 'OFA-Sys/ofa-tiny', 'OFA-Sys/ofa-medium', 'OFA-Sys/ofa-base', 'OFA-Sys/ofa-large', 'OFA-Sys/ofa-huge')
srun: error: localhost: task 0: Exited with exit code 2
